C:\Users\Administrator\Documents\Visual Studio 2010\Projects\CollisionDetect\CollisionDetect\Release\cl.command.1.tlog
C:\Users\Administrator\Documents\Visual Studio 2010\Projects\CollisionDetect\CollisionDetect\Release\CL.read.1.tlog
C:\Users\Administrator\Documents\Visual Studio 2010\Projects\CollisionDetect\CollisionDetect\Release\CL.write.1.tlog
C:\Users\Administrator\Documents\Visual Studio 2010\Projects\CollisionDetect\CollisionDetect\Release\CollisionDetect.dll.intermediate.manifest
C:\USERS\ADMINISTRATOR\DOCUMENTS\VISUAL STUDIO 2010\PROJECTS\COLLISIONDETECT\COLLISIONDETECT\RELEASE\COLLISIONDETECT.EXE.INTERMEDIATE.MANIFEST
C:\USERS\ADMINISTRATOR\DOCUMENTS\VISUAL STUDIO 2010\PROJECTS\COLLISIONDETECT\COLLISIONDETECT\RELEASE\COLLISIONDETECT.OBJ
C:\USERS\ADMINISTRATOR\DOCUMENTS\VISUAL STUDIO 2010\PROJECTS\COLLISIONDETECT\COLLISIONDETECT\RELEASE\COLLISIONDETECT.PCH
C:\Users\Administrator\Documents\Visual Studio 2010\Projects\CollisionDetect\CollisionDetect\Release\CollisionDetect.vcxprojResolveAssemblyReference.cache
C:\Users\Administrator\Documents\Visual Studio 2010\Projects\CollisionDetect\CollisionDetect\Release\CollisionDetect.write.1.tlog
C:\Users\Administrator\Documents\Visual Studio 2010\Projects\CollisionDetect\CollisionDetect\Release\lib.command.1.tlog
C:\Users\Administrator\Documents\Visual Studio 2010\Projects\CollisionDetect\CollisionDetect\Release\Lib-link.read.1.tlog
C:\Users\Administrator\Documents\Visual Studio 2010\Projects\CollisionDetect\CollisionDetect\Release\Lib-link.write.1.tlog
C:\Users\Administrator\Documents\Visual Studio 2010\Projects\CollisionDetect\CollisionDetect\Release\link.command.1.tlog
C:\Users\Administrator\Documents\Visual Studio 2010\Projects\CollisionDetect\CollisionDetect\Release\link.read.1.tlog
C:\Users\Administrator\Documents\Visual Studio 2010\Projects\CollisionDetect\CollisionDetect\Release\link.write.1.tlog
C:\USERS\ADMINISTRATOR\DOCUMENTS\VISUAL STUDIO 2010\PROJECTS\COLLISIONDETECT\COLLISIONDETECT\RELEASE\MATH.OBJ
C:\Users\Administrator\Documents\Visual Studio 2010\Projects\CollisionDetect\CollisionDetect\Release\mt.command.1.tlog
C:\Users\Administrator\Documents\Visual Studio 2010\Projects\CollisionDetect\CollisionDetect\Release\mt.read.1.tlog
C:\Users\Administrator\Documents\Visual Studio 2010\Projects\CollisionDetect\CollisionDetect\Release\mt.write.1.tlog
C:\USERS\ADMINISTRATOR\DOCUMENTS\VISUAL STUDIO 2010\PROJECTS\COLLISIONDETECT\COLLISIONDETECT\RELEASE\STDAFX.OBJ
C:\USERS\ADMINISTRATOR\DOCUMENTS\VISUAL STUDIO 2010\PROJECTS\COLLISIONDETECT\COLLISIONDETECT\RELEASE\TRANSFORM.OBJ
C:\USERS\ADMINISTRATOR\DOCUMENTS\VISUAL STUDIO 2010\PROJECTS\COLLISIONDETECT\COLLISIONDETECT\RELEASE\VC100.PDB
C:\USERS\ADMINISTRATOR\DOCUMENTS\VISUAL STUDIO 2010\PROJECTS\COLLISIONDETECT\RELEASE\COLLISIONDETECT.DLL
C:\USERS\ADMINISTRATOR\DOCUMENTS\VISUAL STUDIO 2010\PROJECTS\COLLISIONDETECT\RELEASE\COLLISIONDETECT.EXE
C:\Users\Administrator\Documents\Visual Studio 2010\Projects\CollisionDetect\Release\CollisionDetect.exp
C:\USERS\ADMINISTRATOR\DOCUMENTS\VISUAL STUDIO 2010\PROJECTS\COLLISIONDETECT\RELEASE\COLLISIONDETECT.LIB
C:\USERS\ADMINISTRATOR\DOCUMENTS\VISUAL STUDIO 2010\PROJECTS\COLLISIONDETECT\RELEASE\COLLISIONDETECT.PDB
