生成启动时间为 2018/3/19 11:21:25。
     1>项目“C:\Users\Administrator\Documents\Visual Studio 2010\Projects\CollisionDetect\CollisionDetect\CollisionDetect.vcxproj”在节点 2 上(build 个目标)。
     1>InitializeBuildStatus:
         正在创建“Release\CollisionDetect.unsuccessfulbuild”，因为已指定“AlwaysCreate”。
       ClCompile:
         所有输出均为最新。
         D:\Program Files (x86)\Microsoft Visual Studio 10.0\VC\bin\CL.exe /c /Zi /nologo /W3 /WX- /O2 /Oi /Oy- /GL /D WIN32 /D NDEBUG /D _CONSOLE /D _UNICODE /D UNICODE /Gm- /EHsc /MDd /GS /Gy /fp:precise /Zc:wchar_t /Zc:forScope /Yu"StdAfx.h" /Fp"Release\CollisionDetect.pch" /Fo"Release\\" /Fd"Release\vc100.pdb" /Gd /TP /analyze- /errorReport:prompt CollisionDetect.cpp
         CollisionDetect.cpp
       Link:
         D:\Program Files (x86)\Microsoft Visual Studio 10.0\VC\bin\link.exe /ERRORREPORT:PROMPT /OUT:"C:\Users\Administrator\Documents\Visual Studio 2010\Projects\CollisionDetect\Release\CollisionDetect.exe" /INCREMENTAL:NO /NOLOGO kernel32.lib user32.lib gdi32.lib winspool.lib comdlg32.lib advapi32.lib shell32.lib ole32.lib oleaut32.lib uuid.lib odbc32.lib odbccp32.lib /MANIFEST /ManifestFile:"Release\CollisionDetect.exe.intermediate.manifest" /MANIFESTUAC:"level='asInvoker' uiAccess='false'" /DEBUG /PDB:"C:\Users\Administrator\Documents\Visual Studio 2010\Projects\CollisionDetect\Release\CollisionDetect.pdb" /SUBSYSTEM:CONSOLE /OPT:REF /OPT:ICF /LTCG /TLBID:1 /DYNAMICBASE /NXCOMPAT /IMPLIB:"C:\Users\Administrator\Documents\Visual Studio 2010\Projects\CollisionDetect\Release\CollisionDetect.lib" /MACHINE:X86 Release\CollisionDetect.obj
         Release\Math.obj
         Release\stdafx.obj
         Release\Transform.obj
         正在生成代码
         已完成代码的生成
         CollisionDetect.vcxproj -> C:\Users\Administrator\Documents\Visual Studio 2010\Projects\CollisionDetect\Release\CollisionDetect.exe
       Manifest:
         C:\Program Files (x86)\Microsoft SDKs\Windows\v7.0A\bin\mt.exe /nologo /verbose /outputresource:"C:\Users\Administrator\Documents\Visual Studio 2010\Projects\CollisionDetect\Release\CollisionDetect.exe;#1" /manifest Release\CollisionDetect.exe.intermediate.manifest
       FinalizeBuildStatus:
         正在删除文件“Release\CollisionDetect.unsuccessfulbuild”。
         正在对“Release\CollisionDetect.lastbuildstate”执行 Touch 任务。
     1>已完成生成项目“C:\Users\Administrator\Documents\Visual Studio 2010\Projects\CollisionDetect\CollisionDetect\CollisionDetect.vcxproj”(build 个目标)的操作。

生成成功。

已用时间 00:00:01.26
